03-07 21:03:58 com_github_MitjaNemec_ReplicateLayout.action_replicate_layout 392:Plugin executed on: 'linux'
03-07 21:03:58 com_github_MitjaNemec_ReplicateLayout.action_replicate_layout 393:Plugin executed with python version: '3.11.7 (main, Jan 29 2024, 16:03:57) [GCC 13.2.1 20230801]'
03-07 21:03:58 com_github_MitjaNemec_ReplicateLayout.action_replicate_layout 394:KiCad build version: 7.0.10
03-07 21:03:58 com_github_MitjaNemec_ReplicateLayout.action_replicate_layout 395:Plugin version: 2.1.3
03-07 21:03:58 com_github_MitjaNemec_ReplicateLayout.action_replicate_layout 396:Frame repr: <wx._core.Frame object at 0x703af012ab90>
03-07 21:03:58 com_github_MitjaNemec_ReplicateLayout.action_replicate_layout 420:Preparing replicator with Q1 as a reference
03-07 21:03:58 com_github_MitjaNemec_ReplicateLayout.replicate_layout 117:getting a list of all footprints on board
03-07 21:03:58 com_github_MitjaNemec_ReplicateLayout.action_replicate_layout 468:source anchor footprint is 'Q1'
Located on: ['Half Bridge U']
With filenames: ['half-bridge.kicad_sch']
With sheet_id:['Half Bridge U']
03-07 21:03:58 com_github_MitjaNemec_ReplicateLayout.action_replicate_layout 475:Corresponding footprints are 
[('Q1', ['Half Bridge U']), ('Q3', ['Half Bridge W']), ('Q5', ['Half Bridge V'])]
03-07 21:03:58 com_github_MitjaNemec_ReplicateLayout.action_replicate_layout 487:Showing dialog
03-07 21:03:58 com_github_MitjaNemec_ReplicateLayout.replicate_layout 424:constructing a list of sheets suitable for replication on level:'Half Bridge U', file:'half-bridge.kicad_sch'
03-07 21:03:58 com_github_MitjaNemec_ReplicateLayout.replicate_layout 461:suitable sheets are:[['Half Bridge V'], ['Half Bridge W']]
03-07 21:03:58 com_github_MitjaNemec_ReplicateLayout.replicate_layout 1464:Level selected: ['Half Bridge U']
03-07 21:03:58 com_github_MitjaNemec_ReplicateLayout.replicate_layout 1299:Filtering list of tracks
03-07 21:03:58 com_github_MitjaNemec_ReplicateLayout.action_replicate_layout 493:Toolbar position: wx.Point(1626, 129)
03-07 21:03:58 com_github_MitjaNemec_ReplicateLayout.action_replicate_layout 498:Dialog position: wx.Point(1187, 129)
03-07 21:04:00 com_github_MitjaNemec_ReplicateLayout.replicate_layout 424:constructing a list of sheets suitable for replication on level:'Half Bridge U', file:'half-bridge.kicad_sch'
03-07 21:04:00 com_github_MitjaNemec_ReplicateLayout.replicate_layout 461:suitable sheets are:[['Half Bridge V'], ['Half Bridge W']]
03-07 21:04:00 com_github_MitjaNemec_ReplicateLayout.action_replicate_layout 240:Replicating layout
03-07 21:04:00 com_github_MitjaNemec_ReplicateLayout.replicate_layout 240:Starting replication of sheets: [['Half Bridge V'], ['Half Bridge W']]
on level: ['Half Bridge U']
with tracks=True, zone=True, text=True, text=True, intersecting=False, remove=False, locked footprints=False, group_only=False
03-07 21:04:00 root 332:updating GUI message: 'Preparing for replication'
03-07 21:04:00 root 337:updating GUI with: 0
03-07 21:04:00 com_github_MitjaNemec_ReplicateLayout.replicate_layout 310:Getting the list of source footprints
03-07 21:04:00 root 337:updating GUI with: 0
03-07 21:04:00 com_github_MitjaNemec_ReplicateLayout.replicate_layout 320:Getting the list of all the remaining footprints
03-07 21:04:00 com_github_MitjaNemec_ReplicateLayout.replicate_layout 327:Getting source tracks
03-07 21:04:00 com_github_MitjaNemec_ReplicateLayout.replicate_layout 1299:Filtering list of tracks
03-07 21:04:00 com_github_MitjaNemec_ReplicateLayout.replicate_layout 331:Getting source zones
03-07 21:04:00 com_github_MitjaNemec_ReplicateLayout.replicate_layout 335:Getting source text items
03-07 21:04:00 com_github_MitjaNemec_ReplicateLayout.replicate_layout 339:Getting source drawing items
03-07 21:04:00 root 332:updating GUI message: 'Replicating footprints'
03-07 21:04:00 com_github_MitjaNemec_ReplicateLayout.replicate_layout 806:Replicating footprints
03-07 21:04:00 com_github_MitjaNemec_ReplicateLayout.replicate_layout 813:Replicating footprints on sheet ['Half Bridge V']
03-07 21:04:00 com_github_MitjaNemec_ReplicateLayout.replicate_layout 813:Replicating footprints on sheet ['Half Bridge W']
03-07 21:04:00 root 332:updating GUI message: 'Replicating tracks'
03-07 21:04:00 com_github_MitjaNemec_ReplicateLayout.replicate_layout 977:Replicating tracks
03-07 21:04:00 com_github_MitjaNemec_ReplicateLayout.replicate_layout 983:Replicating tracks on sheet ['Half Bridge V']
03-07 21:04:00 com_github_MitjaNemec_ReplicateLayout.replicate_layout 750:Significant difference between src net: ['', 'U'] and dst net: ['', 'V'], with src_net_depth=2, dst_net_depth=2, src_fp_depth=1, dst_fp_depth=1, match level 0.50
03-07 21:04:00 com_github_MitjaNemec_ReplicateLayout.replicate_layout 750:Significant difference between src net: ['', 'U'] and dst net: ['', 'V'], with src_net_depth=2, dst_net_depth=2, src_fp_depth=1, dst_fp_depth=1, match level 0.50
03-07 21:04:00 com_github_MitjaNemec_ReplicateLayout.replicate_layout 766:Net pairs for sheet ['Half Bridge V'] :[('VSS', 'VSS'), ('Net-(U3-HOH)', 'Net-(U7-HOH)'), ('/Half Bridge U/Output', '/Half Bridge V/Output'), ('I_{senseU}', 'I_{senseV}'), ('', ''), ('Net-(U3-HB)', 'Net-(U7-HB)'), ('HI1', 'HI2'), ('Net-(U4-OUT)', 'Net-(U8-OUT)'), ('/U', '/V'), ('/Half Bridge U/HighGate', '/Half Bridge V/HighGate'), ('+5V', '+5V'), ('Net-(U3-LOH)', 'Net-(U7-LOH)'), ('VAA', 'VAA'), ('/Half Bridge U/LowGate', '/Half Bridge V/LowGate'), ('unconnected-(U4-NC-Pad4)', 'unconnected-(U8-NC-Pad4)'), ('VDD', 'VDD'), ('LI1', 'LI2'), ('V_{senseU}', 'V_{senseV}')]
03-07 21:04:00 com_github_MitjaNemec_ReplicateLayout.replicate_layout 983:Replicating tracks on sheet ['Half Bridge W']
03-07 21:04:00 com_github_MitjaNemec_ReplicateLayout.replicate_layout 750:Significant difference between src net: ['', 'U'] and dst net: ['', 'W'], with src_net_depth=2, dst_net_depth=2, src_fp_depth=1, dst_fp_depth=1, match level 0.50
03-07 21:04:00 com_github_MitjaNemec_ReplicateLayout.replicate_layout 750:Significant difference between src net: ['', 'U'] and dst net: ['', 'W'], with src_net_depth=2, dst_net_depth=2, src_fp_depth=1, dst_fp_depth=1, match level 0.50
03-07 21:04:00 com_github_MitjaNemec_ReplicateLayout.replicate_layout 766:Net pairs for sheet ['Half Bridge W'] :[('VSS', 'VSS'), ('Net-(U3-LOH)', 'Net-(U5-LOH)'), ('Net-(U3-HB)', 'Net-(U5-HB)'), ('/Half Bridge U/Output', '/Half Bridge W/Output'), ('', ''), ('/U', '/W'), ('/Half Bridge U/LowGate', '/Half Bridge W/LowGate'), ('VDD', 'VDD'), ('V_{senseU}', 'V_{senseW}'), ('I_{senseU}', 'I_{senseW}'), ('Net-(U4-OUT)', 'Net-(U6-OUT)'), ('/Half Bridge U/HighGate', '/Half Bridge W/HighGate'), ('+5V', '+5V'), ('VAA', 'VAA'), ('unconnected-(U4-NC-Pad4)', 'unconnected-(U6-NC-Pad4)'), ('Net-(U3-HOH)', 'Net-(U5-HOH)'), ('HI1', 'HI3'), ('LI1', 'LI3')]
03-07 21:04:00 root 332:updating GUI message: 'Replicating zones'
03-07 21:04:00 com_github_MitjaNemec_ReplicateLayout.replicate_layout 1047:Replicating zones
03-07 21:04:00 root 337:updating GUI with: 0
03-07 21:04:00 com_github_MitjaNemec_ReplicateLayout.replicate_layout 1054:Replicating zones on sheet ['Half Bridge V']
03-07 21:04:00 com_github_MitjaNemec_ReplicateLayout.replicate_layout 750:Significant difference between src net: ['', 'U'] and dst net: ['', 'V'], with src_net_depth=2, dst_net_depth=2, src_fp_depth=1, dst_fp_depth=1, match level 0.50
03-07 21:04:00 com_github_MitjaNemec_ReplicateLayout.replicate_layout 750:Significant difference between src net: ['', 'U'] and dst net: ['', 'V'], with src_net_depth=2, dst_net_depth=2, src_fp_depth=1, dst_fp_depth=1, match level 0.50
03-07 21:04:00 com_github_MitjaNemec_ReplicateLayout.replicate_layout 766:Net pairs for sheet ['Half Bridge V'] :[('VSS', 'VSS'), ('Net-(U3-HOH)', 'Net-(U7-HOH)'), ('/Half Bridge U/Output', '/Half Bridge V/Output'), ('I_{senseU}', 'I_{senseV}'), ('', ''), ('Net-(U3-HB)', 'Net-(U7-HB)'), ('HI1', 'HI2'), ('Net-(U4-OUT)', 'Net-(U8-OUT)'), ('/U', '/V'), ('/Half Bridge U/HighGate', '/Half Bridge V/HighGate'), ('+5V', '+5V'), ('Net-(U3-LOH)', 'Net-(U7-LOH)'), ('VAA', 'VAA'), ('/Half Bridge U/LowGate', '/Half Bridge V/LowGate'), ('unconnected-(U4-NC-Pad4)', 'unconnected-(U8-NC-Pad4)'), ('VDD', 'VDD'), ('LI1', 'LI2'), ('V_{senseU}', 'V_{senseV}')]
03-07 21:04:00 com_github_MitjaNemec_ReplicateLayout.replicate_layout 1054:Replicating zones on sheet ['Half Bridge W']
03-07 21:04:00 com_github_MitjaNemec_ReplicateLayout.replicate_layout 750:Significant difference between src net: ['', 'U'] and dst net: ['', 'W'], with src_net_depth=2, dst_net_depth=2, src_fp_depth=1, dst_fp_depth=1, match level 0.50
03-07 21:04:00 com_github_MitjaNemec_ReplicateLayout.replicate_layout 750:Significant difference between src net: ['', 'U'] and dst net: ['', 'W'], with src_net_depth=2, dst_net_depth=2, src_fp_depth=1, dst_fp_depth=1, match level 0.50
03-07 21:04:00 com_github_MitjaNemec_ReplicateLayout.replicate_layout 766:Net pairs for sheet ['Half Bridge W'] :[('VSS', 'VSS'), ('Net-(U3-LOH)', 'Net-(U5-LOH)'), ('Net-(U3-HB)', 'Net-(U5-HB)'), ('/Half Bridge U/Output', '/Half Bridge W/Output'), ('', ''), ('/U', '/W'), ('/Half Bridge U/LowGate', '/Half Bridge W/LowGate'), ('VDD', 'VDD'), ('V_{senseU}', 'V_{senseW}'), ('I_{senseU}', 'I_{senseW}'), ('Net-(U4-OUT)', 'Net-(U6-OUT)'), ('/Half Bridge U/HighGate', '/Half Bridge W/HighGate'), ('+5V', '+5V'), ('VAA', 'VAA'), ('unconnected-(U4-NC-Pad4)', 'unconnected-(U6-NC-Pad4)'), ('Net-(U3-HOH)', 'Net-(U5-HOH)'), ('HI1', 'HI3'), ('LI1', 'LI3')]
03-07 21:04:00 root 332:updating GUI message: 'Replicating text'
03-07 21:04:00 com_github_MitjaNemec_ReplicateLayout.replicate_layout 1136:Replicating text
03-07 21:04:00 com_github_MitjaNemec_ReplicateLayout.replicate_layout 1143:Replicating text on sheet ['Half Bridge V']
03-07 21:04:00 com_github_MitjaNemec_ReplicateLayout.replicate_layout 1143:Replicating text on sheet ['Half Bridge W']
03-07 21:04:00 root 332:updating GUI message: 'Replicating drawings'
03-07 21:04:00 com_github_MitjaNemec_ReplicateLayout.replicate_layout 1187:Replicating drawings
03-07 21:04:00 com_github_MitjaNemec_ReplicateLayout.replicate_layout 1193:Replicating drawings on sheet ['Half Bridge V']
03-07 21:04:00 com_github_MitjaNemec_ReplicateLayout.replicate_layout 1193:Replicating drawings on sheet ['Half Bridge W']
03-07 21:04:00 com_github_MitjaNemec_ReplicateLayout.action_replicate_layout 256:Replication complete
03-07 21:04:00 com_github_MitjaNemec_ReplicateLayout.action_replicate_layout 259:Letting the user know there are some issues with replicated design
03-07 21:04:00 com_github_MitjaNemec_ReplicateLayout.action_replicate_layout 263:Looks like the design has an exotic connectivity that the plugin might not handle properly
 Make sure that you check the connectivity around:
Footprint R26, pad 1
Footprint U6, pad 1
Footprint U8, pad 1
Footprint R33, pad 1

